{"/Users/benjhatch/caretechers/backend/src/database.js": {"path":"/Users/benjhatch/caretechers/backend/src/database.js","statementMap":{"0":{"start":{"line":2,"column":14},"end":{"line":2,"column":39}},"1":{"start":{"line":4,"column":0},"end":{"line":18,"column":2}},"2":{"start":{"line":6,"column":21},"end":{"line":13,"column":4}},"3":{"start":{"line":15,"column":19},"end":{"line":15,"column":66}},"4":{"start":{"line":16,"column":2},"end":{"line":16,"column":19}},"5":{"start":{"line":17,"column":2},"end":{"line":17,"column":16}}},"fnMap":{"0":{"name":"(anonymous_0)","decl":{"start":{"line":4,"column":23},"end":{"line":4,"column":24}},"loc":{"start":{"line":4,"column":40},"end":{"line":18,"column":1}},"line":4}},"branchMap":{},"s":{"0":2,"1":2,"2":14,"3":14,"4":14,"5":14},"f":{"0":14},"b":{},"_coverageSchema":"1a1c01bbd47fc00a2c39e90264f33305004495a9","hash":"178369536c91d111e5f1f60c879f8fba55536d7c"}
,"/Users/benjhatch/caretechers/backend/src/rest-server.js": {"path":"/Users/benjhatch/caretechers/backend/src/rest-server.js","statementMap":{"0":{"start":{"line":1,"column":16},"end":{"line":1,"column":34}},"1":{"start":{"line":2,"column":18},"end":{"line":2,"column":47}},"2":{"start":{"line":3,"column":21},"end":{"line":3,"column":45}},"3":{"start":{"line":5,"column":19},"end":{"line":5,"column":41}},"4":{"start":{"line":8,"column":14},"end":{"line":8,"column":23}},"5":{"start":{"line":10,"column":2},"end":{"line":10,"column":29}},"6":{"start":{"line":11,"column":2},"end":{"line":11,"column":26}},"7":{"start":{"line":13,"column":2},"end":{"line":15,"column":5}},"8":{"start":{"line":14,"column":4},"end":{"line":14,"column":66}},"9":{"start":{"line":18,"column":2},"end":{"line":18,"column":47}},"10":{"start":{"line":19,"column":2},"end":{"line":19,"column":53}},"11":{"start":{"line":20,"column":2},"end":{"line":20,"column":47}},"12":{"start":{"line":21,"column":2},"end":{"line":21,"column":49}},"13":{"start":{"line":22,"column":2},"end":{"line":22,"column":45}},"14":{"start":{"line":23,"column":2},"end":{"line":23,"column":49}},"15":{"start":{"line":24,"column":2},"end":{"line":24,"column":49}},"16":{"start":{"line":25,"column":2},"end":{"line":25,"column":61}},"17":{"start":{"line":32,"column":18},"end":{"line":42,"column":3}},"18":{"start":{"line":44,"column":16},"end":{"line":44,"column":37}},"19":{"start":{"line":45,"column":2},"end":{"line":45,"column":64}},"20":{"start":{"line":47,"column":2},"end":{"line":54,"column":5}},"21":{"start":{"line":48,"column":4},"end":{"line":52,"column":7}},"22":{"start":{"line":53,"column":4},"end":{"line":53,"column":58}},"23":{"start":{"line":56,"column":2},"end":{"line":56,"column":13}},"24":{"start":{"line":59,"column":0},"end":{"line":59,"column":51}}},"fnMap":{"0":{"name":"CreateRESTServer","decl":{"start":{"line":7,"column":9},"end":{"line":7,"column":25}},"loc":{"start":{"line":7,"column":28},"end":{"line":57,"column":1}},"line":7},"1":{"name":"(anonymous_1)","decl":{"start":{"line":13,"column":15},"end":{"line":13,"column":16}},"loc":{"start":{"line":13,"column":29},"end":{"line":15,"column":3}},"line":13},"2":{"name":"(anonymous_2)","decl":{"start":{"line":47,"column":10},"end":{"line":47,"column":11}},"loc":{"start":{"line":47,"column":35},"end":{"line":54,"column":3}},"line":47}},"branchMap":{"0":{"loc":{"start":{"line":49,"column":14},"end":{"line":49,"column":30}},"type":"binary-expr","locations":[{"start":{"line":49,"column":14},"end":{"line":49,"column":24}},{"start":{"line":49,"column":28},"end":{"line":49,"column":30}}],"line":49},"1":{"loc":{"start":{"line":50,"column":15},"end":{"line":50,"column":32}},"type":"binary-expr","locations":[{"start":{"line":50,"column":15},"end":{"line":50,"column":26}},{"start":{"line":50,"column":30},"end":{"line":50,"column":32}}],"line":50},"2":{"loc":{"start":{"line":51,"column":13},"end":{"line":51,"column":28}},"type":"binary-expr","locations":[{"start":{"line":51,"column":13},"end":{"line":51,"column":22}},{"start":{"line":51,"column":26},"end":{"line":51,"column":28}}],"line":51},"3":{"loc":{"start":{"line":53,"column":15},"end":{"line":53,"column":32}},"type":"binary-expr","locations":[{"start":{"line":53,"column":15},"end":{"line":53,"column":25}},{"start":{"line":53,"column":29},"end":{"line":53,"column":32}}],"line":53},"4":{"loc":{"start":{"line":53,"column":39},"end":{"line":53,"column":56}},"type":"binary-expr","locations":[{"start":{"line":53,"column":39},"end":{"line":53,"column":50}},{"start":{"line":53,"column":54},"end":{"line":53,"column":56}}],"line":53}},"s":{"0":2,"1":2,"2":2,"3":2,"4":2,"5":2,"6":2,"7":2,"8":0,"9":2,"10":2,"11":2,"12":2,"13":2,"14":2,"15":2,"16":2,"17":2,"18":2,"19":2,"20":2,"21":0,"22":0,"23":2,"24":2},"f":{"0":2,"1":0,"2":0},"b":{"0":[0,0],"1":[0,0],"2":[0,0],"3":[0,0],"4":[0,0]},"_coverageSchema":"1a1c01bbd47fc00a2c39e90264f33305004495a9","hash":"b0f74cae3489f92013a0d47282522050d848944e"}
,"/Users/benjhatch/caretechers/backend/src/utls.js": {"path":"/Users/benjhatch/caretechers/backend/src/utls.js","statementMap":{"0":{"start":{"line":1,"column":0},"end":{"line":5,"column":1}},"1":{"start":{"line":2,"column":13},"end":{"line":2,"column":31}},"2":{"start":{"line":3,"column":1},"end":{"line":3,"column":23}},"3":{"start":{"line":4,"column":1},"end":{"line":4,"column":14}},"4":{"start":{"line":7,"column":0},"end":{"line":15,"column":1}},"5":{"start":{"line":8,"column":14},"end":{"line":8,"column":24}},"6":{"start":{"line":9,"column":1},"end":{"line":14,"column":43}}},"fnMap":{"0":{"name":"(anonymous_0)","decl":{"start":{"line":1,"column":26},"end":{"line":1,"column":27}},"loc":{"start":{"line":1,"column":47},"end":{"line":5,"column":1}},"line":1},"1":{"name":"(anonymous_1)","decl":{"start":{"line":7,"column":32},"end":{"line":7,"column":33}},"loc":{"start":{"line":7,"column":38},"end":{"line":15,"column":1}},"line":7}},"branchMap":{},"s":{"0":2,"1":0,"2":0,"3":0,"4":2,"5":0,"6":0},"f":{"0":0,"1":0},"b":{},"_coverageSchema":"1a1c01bbd47fc00a2c39e90264f33305004495a9","hash":"5686fa543894fe1bee32ec2c5e959e93b044ced4"}
,"/Users/benjhatch/caretechers/backend/src/middlewares/graphs.js": {"path":"/Users/benjhatch/caretechers/backend/src/middlewares/graphs.js","statementMap":{"0":{"start":{"line":1,"column":21},"end":{"line":1,"column":53}},"1":{"start":{"line":2,"column":12},"end":{"line":2,"column":43}},"2":{"start":{"line":4,"column":11},"end":{"line":4,"column":33}},"3":{"start":{"line":5,"column":21},"end":{"line":5,"column":39}},"4":{"start":{"line":6,"column":12},"end":{"line":6,"column":26}},"5":{"start":{"line":7,"column":12},"end":{"line":7,"column":21}},"6":{"start":{"line":9,"column":0},"end":{"line":24,"column":3}},"7":{"start":{"line":10,"column":16},"end":{"line":18,"column":2}},"8":{"start":{"line":19,"column":18},"end":{"line":19,"column":37}},"9":{"start":{"line":20,"column":1},"end":{"line":22,"column":2}},"10":{"start":{"line":21,"column":2},"end":{"line":21,"column":62}},"11":{"start":{"line":23,"column":1},"end":{"line":23,"column":8}},"12":{"start":{"line":26,"column":0},"end":{"line":31,"column":3}},"13":{"start":{"line":27,"column":13},"end":{"line":27,"column":133}},"14":{"start":{"line":28,"column":16},"end":{"line":28,"column":37}},"15":{"start":{"line":29,"column":1},"end":{"line":29,"column":41}},"16":{"start":{"line":30,"column":1},"end":{"line":30,"column":8}},"17":{"start":{"line":33,"column":0},"end":{"line":67,"column":3}},"18":{"start":{"line":34,"column":15},"end":{"line":38,"column":36}},"19":{"start":{"line":40,"column":16},"end":{"line":40,"column":37}},"20":{"start":{"line":41,"column":14},"end":{"line":41,"column":16}},"21":{"start":{"line":43,"column":1},"end":{"line":59,"column":2}},"22":{"start":{"line":44,"column":2},"end":{"line":50,"column":3}},"23":{"start":{"line":45,"column":3},"end":{"line":49,"column":4}},"24":{"start":{"line":51,"column":2},"end":{"line":58,"column":3}},"25":{"start":{"line":52,"column":3},"end":{"line":57,"column":4}},"26":{"start":{"line":53,"column":4},"end":{"line":56,"column":7}},"27":{"start":{"line":61,"column":1},"end":{"line":63,"column":2}},"28":{"start":{"line":62,"column":2},"end":{"line":62,"column":46}},"29":{"start":{"line":65,"column":1},"end":{"line":65,"column":21}},"30":{"start":{"line":66,"column":1},"end":{"line":66,"column":8}},"31":{"start":{"line":69,"column":0},"end":{"line":79,"column":3}},"32":{"start":{"line":70,"column":15},"end":{"line":71,"column":52}},"33":{"start":{"line":72,"column":18},"end":{"line":72,"column":39}},"34":{"start":{"line":74,"column":1},"end":{"line":76,"column":2}},"35":{"start":{"line":75,"column":2},"end":{"line":75,"column":59}},"36":{"start":{"line":78,"column":1},"end":{"line":78,"column":8}},"37":{"start":{"line":81,"column":0},"end":{"line":85,"column":3}},"38":{"start":{"line":82,"column":13},"end":{"line":82,"column":76}},"39":{"start":{"line":83,"column":1},"end":{"line":83,"column":23}},"40":{"start":{"line":84,"column":1},"end":{"line":84,"column":8}},"41":{"start":{"line":87,"column":0},"end":{"line":106,"column":3}},"42":{"start":{"line":88,"column":13},"end":{"line":88,"column":42}},"43":{"start":{"line":89,"column":1},"end":{"line":91,"column":2}},"44":{"start":{"line":90,"column":2},"end":{"line":90,"column":71}},"45":{"start":{"line":92,"column":1},"end":{"line":101,"column":2}},"46":{"start":{"line":93,"column":2},"end":{"line":93,"column":74}},"47":{"start":{"line":95,"column":2},"end":{"line":97,"column":3}},"48":{"start":{"line":96,"column":3},"end":{"line":96,"column":48}},"49":{"start":{"line":98,"column":2},"end":{"line":100,"column":3}},"50":{"start":{"line":99,"column":3},"end":{"line":99,"column":48}},"51":{"start":{"line":103,"column":1},"end":{"line":103,"column":55}},"52":{"start":{"line":104,"column":1},"end":{"line":104,"column":23}},"53":{"start":{"line":105,"column":1},"end":{"line":105,"column":8}},"54":{"start":{"line":108,"column":0},"end":{"line":118,"column":3}},"55":{"start":{"line":109,"column":15},"end":{"line":109,"column":79}},"56":{"start":{"line":110,"column":18},"end":{"line":110,"column":39}},"57":{"start":{"line":112,"column":1},"end":{"line":114,"column":2}},"58":{"start":{"line":113,"column":2},"end":{"line":113,"column":78}},"59":{"start":{"line":116,"column":1},"end":{"line":116,"column":21}},"60":{"start":{"line":117,"column":1},"end":{"line":117,"column":8}}},"fnMap":{"0":{"name":"(anonymous_0)","decl":{"start":{"line":9,"column":54},"end":{"line":9,"column":55}},"loc":{"start":{"line":9,"column":81},"end":{"line":24,"column":1}},"line":9},"1":{"name":"(anonymous_1)","decl":{"start":{"line":26,"column":51},"end":{"line":26,"column":52}},"loc":{"start":{"line":26,"column":78},"end":{"line":31,"column":1}},"line":26},"2":{"name":"(anonymous_2)","decl":{"start":{"line":33,"column":49},"end":{"line":33,"column":50}},"loc":{"start":{"line":33,"column":75},"end":{"line":67,"column":1}},"line":33},"3":{"name":"(anonymous_3)","decl":{"start":{"line":69,"column":49},"end":{"line":69,"column":50}},"loc":{"start":{"line":69,"column":75},"end":{"line":79,"column":1}},"line":69},"4":{"name":"(anonymous_4)","decl":{"start":{"line":81,"column":42},"end":{"line":81,"column":43}},"loc":{"start":{"line":81,"column":69},"end":{"line":85,"column":1}},"line":81},"5":{"name":"(anonymous_5)","decl":{"start":{"line":87,"column":42},"end":{"line":87,"column":43}},"loc":{"start":{"line":87,"column":69},"end":{"line":106,"column":1}},"line":87},"6":{"name":"(anonymous_6)","decl":{"start":{"line":108,"column":48},"end":{"line":108,"column":49}},"loc":{"start":{"line":108,"column":75},"end":{"line":118,"column":1}},"line":108}},"branchMap":{"0":{"loc":{"start":{"line":20,"column":1},"end":{"line":22,"column":2}},"type":"if","locations":[{"start":{"line":20,"column":1},"end":{"line":22,"column":2}},{"start":{},"end":{}}],"line":20},"1":{"loc":{"start":{"line":44,"column":2},"end":{"line":50,"column":3}},"type":"if","locations":[{"start":{"line":44,"column":2},"end":{"line":50,"column":3}},{"start":{},"end":{}}],"line":44},"2":{"loc":{"start":{"line":51,"column":2},"end":{"line":58,"column":3}},"type":"if","locations":[{"start":{"line":51,"column":2},"end":{"line":58,"column":3}},{"start":{},"end":{}}],"line":51},"3":{"loc":{"start":{"line":51,"column":6},"end":{"line":51,"column":80}},"type":"binary-expr","locations":[{"start":{"line":51,"column":6},"end":{"line":51,"column":22}},{"start":{"line":51,"column":26},"end":{"line":51,"column":80}}],"line":51},"4":{"loc":{"start":{"line":52,"column":3},"end":{"line":57,"column":4}},"type":"if","locations":[{"start":{"line":52,"column":3},"end":{"line":57,"column":4}},{"start":{},"end":{}}],"line":52},"5":{"loc":{"start":{"line":52,"column":6},"end":{"line":52,"column":33}},"type":"binary-expr","locations":[{"start":{"line":52,"column":6},"end":{"line":52,"column":14}},{"start":{"line":52,"column":18},"end":{"line":52,"column":33}}],"line":52},"6":{"loc":{"start":{"line":74,"column":1},"end":{"line":76,"column":2}},"type":"if","locations":[{"start":{"line":74,"column":1},"end":{"line":76,"column":2}},{"start":{},"end":{}}],"line":74},"7":{"loc":{"start":{"line":89,"column":1},"end":{"line":91,"column":2}},"type":"if","locations":[{"start":{"line":89,"column":1},"end":{"line":91,"column":2}},{"start":{},"end":{}}],"line":89},"8":{"loc":{"start":{"line":89,"column":5},"end":{"line":89,"column":39}},"type":"binary-expr","locations":[{"start":{"line":89,"column":5},"end":{"line":89,"column":20}},{"start":{"line":89,"column":24},"end":{"line":89,"column":39}}],"line":89},"9":{"loc":{"start":{"line":92,"column":1},"end":{"line":101,"column":2}},"type":"if","locations":[{"start":{"line":92,"column":1},"end":{"line":101,"column":2}},{"start":{"line":94,"column":8},"end":{"line":101,"column":2}}],"line":92},"10":{"loc":{"start":{"line":92,"column":5},"end":{"line":92,"column":37}},"type":"binary-expr","locations":[{"start":{"line":92,"column":5},"end":{"line":92,"column":19}},{"start":{"line":92,"column":23},"end":{"line":92,"column":37}}],"line":92},"11":{"loc":{"start":{"line":95,"column":2},"end":{"line":97,"column":3}},"type":"if","locations":[{"start":{"line":95,"column":2},"end":{"line":97,"column":3}},{"start":{},"end":{}}],"line":95},"12":{"loc":{"start":{"line":98,"column":2},"end":{"line":100,"column":3}},"type":"if","locations":[{"start":{"line":98,"column":2},"end":{"line":100,"column":3}},{"start":{},"end":{}}],"line":98},"13":{"loc":{"start":{"line":112,"column":1},"end":{"line":114,"column":2}},"type":"if","locations":[{"start":{"line":112,"column":1},"end":{"line":114,"column":2}},{"start":{},"end":{}}],"line":112}},"s":{"0":2,"1":2,"2":2,"3":2,"4":2,"5":2,"6":2,"7":0,"8":0,"9":0,"10":0,"11":0,"12":2,"13":0,"14":0,"15":0,"16":0,"17":2,"18":0,"19":0,"20":0,"21":0,"22":0,"23":0,"24":0,"25":0,"26":0,"27":0,"28":0,"29":0,"30":0,"31":2,"32":0,"33":0,"34":0,"35":0,"36":0,"37":2,"38":0,"39":0,"40":0,"41":2,"42":0,"43":0,"44":0,"45":0,"46":0,"47":0,"48":0,"49":0,"50":0,"51":0,"52":0,"53":0,"54":2,"55":0,"56":0,"57":0,"58":0,"59":0,"60":0},"f":{"0":0,"1":0,"2":0,"3":0,"4":0,"5":0,"6":0},"b":{"0":[0,0],"1":[0,0],"2":[0,0],"3":[0,0],"4":[0,0],"5":[0,0],"6":[0,0],"7":[0,0],"8":[0,0],"9":[0,0],"10":[0,0],"11":[0,0],"12":[0,0],"13":[0,0]},"_coverageSchema":"1a1c01bbd47fc00a2c39e90264f33305004495a9","hash":"922fa55dd8ab5c99b675d4bd127f7e75439b86fa"}
,"/Users/benjhatch/caretechers/backend/src/middlewares/groups.js": {"path":"/Users/benjhatch/caretechers/backend/src/middlewares/groups.js","statementMap":{"0":{"start":{"line":1,"column":12},"end":{"line":1,"column":26}},"1":{"start":{"line":2,"column":12},"end":{"line":2,"column":21}},"2":{"start":{"line":3,"column":21},"end":{"line":3,"column":53}},"3":{"start":{"line":4,"column":12},"end":{"line":4,"column":43}},"4":{"start":{"line":6,"column":11},"end":{"line":6,"column":33}},"5":{"start":{"line":7,"column":21},"end":{"line":7,"column":39}},"6":{"start":{"line":9,"column":0},"end":{"line":19,"column":3}},"7":{"start":{"line":10,"column":16},"end":{"line":11,"column":39}},"8":{"start":{"line":12,"column":19},"end":{"line":12,"column":40}},"9":{"start":{"line":14,"column":2},"end":{"line":16,"column":3}},"10":{"start":{"line":15,"column":4},"end":{"line":15,"column":61}},"11":{"start":{"line":18,"column":2},"end":{"line":18,"column":9}},"12":{"start":{"line":21,"column":0},"end":{"line":36,"column":3}},"13":{"start":{"line":22,"column":17},"end":{"line":30,"column":3}},"14":{"start":{"line":31,"column":19},"end":{"line":31,"column":38}},"15":{"start":{"line":32,"column":2},"end":{"line":34,"column":3}},"16":{"start":{"line":33,"column":4},"end":{"line":33,"column":64}},"17":{"start":{"line":35,"column":2},"end":{"line":35,"column":9}},"18":{"start":{"line":38,"column":0},"end":{"line":51,"column":3}},"19":{"start":{"line":40,"column":2},"end":{"line":46,"column":3}},"20":{"start":{"line":41,"column":4},"end":{"line":42,"column":83}},"21":{"start":{"line":44,"column":4},"end":{"line":45,"column":61}},"22":{"start":{"line":48,"column":17},"end":{"line":48,"column":38}},"23":{"start":{"line":49,"column":2},"end":{"line":49,"column":44}},"24":{"start":{"line":50,"column":2},"end":{"line":50,"column":9}},"25":{"start":{"line":53,"column":0},"end":{"line":57,"column":3}},"26":{"start":{"line":54,"column":16},"end":{"line":54,"column":73}},"27":{"start":{"line":55,"column":2},"end":{"line":55,"column":37}},"28":{"start":{"line":56,"column":2},"end":{"line":56,"column":9}},"29":{"start":{"line":59,"column":0},"end":{"line":64,"column":3}},"30":{"start":{"line":60,"column":16},"end":{"line":61,"column":34}},"31":{"start":{"line":62,"column":2},"end":{"line":62,"column":37}},"32":{"start":{"line":63,"column":2},"end":{"line":63,"column":9}},"33":{"start":{"line":66,"column":0},"end":{"line":72,"column":3}},"34":{"start":{"line":67,"column":14},"end":{"line":68,"column":36}},"35":{"start":{"line":70,"column":2},"end":{"line":70,"column":24}},"36":{"start":{"line":71,"column":2},"end":{"line":71,"column":9}},"37":{"start":{"line":74,"column":0},"end":{"line":78,"column":3}},"38":{"start":{"line":75,"column":14},"end":{"line":75,"column":166}},"39":{"start":{"line":76,"column":2},"end":{"line":76,"column":37}},"40":{"start":{"line":77,"column":2},"end":{"line":77,"column":9}}},"fnMap":{"0":{"name":"(anonymous_0)","decl":{"start":{"line":9,"column":49},"end":{"line":9,"column":50}},"loc":{"start":{"line":9,"column":75},"end":{"line":19,"column":1}},"line":9},"1":{"name":"(anonymous_1)","decl":{"start":{"line":21,"column":46},"end":{"line":21,"column":47}},"loc":{"start":{"line":21,"column":73},"end":{"line":36,"column":1}},"line":21},"2":{"name":"(anonymous_2)","decl":{"start":{"line":38,"column":45},"end":{"line":38,"column":46}},"loc":{"start":{"line":38,"column":72},"end":{"line":51,"column":1}},"line":38},"3":{"name":"(anonymous_3)","decl":{"start":{"line":53,"column":50},"end":{"line":53,"column":51}},"loc":{"start":{"line":53,"column":76},"end":{"line":57,"column":1}},"line":53},"4":{"name":"(anonymous_4)","decl":{"start":{"line":59,"column":47},"end":{"line":59,"column":48}},"loc":{"start":{"line":59,"column":73},"end":{"line":64,"column":1}},"line":59},"5":{"name":"(anonymous_5)","decl":{"start":{"line":66,"column":44},"end":{"line":66,"column":45}},"loc":{"start":{"line":66,"column":71},"end":{"line":72,"column":1}},"line":66},"6":{"name":"(anonymous_6)","decl":{"start":{"line":74,"column":43},"end":{"line":74,"column":44}},"loc":{"start":{"line":74,"column":70},"end":{"line":78,"column":1}},"line":74}},"branchMap":{"0":{"loc":{"start":{"line":14,"column":2},"end":{"line":16,"column":3}},"type":"if","locations":[{"start":{"line":14,"column":2},"end":{"line":16,"column":3}},{"start":{},"end":{}}],"line":14},"1":{"loc":{"start":{"line":32,"column":2},"end":{"line":34,"column":3}},"type":"if","locations":[{"start":{"line":32,"column":2},"end":{"line":34,"column":3}},{"start":{},"end":{}}],"line":32},"2":{"loc":{"start":{"line":40,"column":2},"end":{"line":46,"column":3}},"type":"if","locations":[{"start":{"line":40,"column":2},"end":{"line":46,"column":3}},{"start":{"line":43,"column":9},"end":{"line":46,"column":3}}],"line":40}},"s":{"0":2,"1":2,"2":2,"3":2,"4":2,"5":2,"6":2,"7":4,"8":4,"9":4,"10":0,"11":4,"12":2,"13":0,"14":0,"15":0,"16":0,"17":0,"18":2,"19":0,"20":0,"21":0,"22":0,"23":0,"24":0,"25":2,"26":0,"27":0,"28":0,"29":2,"30":0,"31":0,"32":0,"33":2,"34":0,"35":0,"36":0,"37":2,"38":0,"39":0,"40":0},"f":{"0":4,"1":0,"2":0,"3":0,"4":0,"5":0,"6":0},"b":{"0":[0,4],"1":[0,0],"2":[0,0]},"_coverageSchema":"1a1c01bbd47fc00a2c39e90264f33305004495a9","hash":"a873d7139194692f2df2638d7b579cd3acf807fc"}
,"/Users/benjhatch/caretechers/backend/src/middlewares/measurements.js": {"path":"/Users/benjhatch/caretechers/backend/src/middlewares/measurements.js","statementMap":{"0":{"start":{"line":1,"column":21},"end":{"line":1,"column":53}},"1":{"start":{"line":2,"column":12},"end":{"line":2,"column":43}},"2":{"start":{"line":4,"column":11},"end":{"line":4,"column":33}},"3":{"start":{"line":5,"column":37},"end":{"line":5,"column":55}},"4":{"start":{"line":6,"column":12},"end":{"line":6,"column":26}},"5":{"start":{"line":7,"column":12},"end":{"line":7,"column":21}},"6":{"start":{"line":10,"column":0},"end":{"line":15,"column":3}},"7":{"start":{"line":11,"column":13},"end":{"line":12,"column":78}},"8":{"start":{"line":13,"column":1},"end":{"line":13,"column":23}},"9":{"start":{"line":14,"column":1},"end":{"line":14,"column":8}},"10":{"start":{"line":17,"column":0},"end":{"line":29,"column":3}},"11":{"start":{"line":18,"column":15},"end":{"line":19,"column":48}},"12":{"start":{"line":21,"column":17},"end":{"line":21,"column":38}},"13":{"start":{"line":22,"column":22},"end":{"line":22,"column":24}},"14":{"start":{"line":24,"column":1},"end":{"line":26,"column":2}},"15":{"start":{"line":25,"column":2},"end":{"line":25,"column":43}},"16":{"start":{"line":27,"column":1},"end":{"line":27,"column":27}},"17":{"start":{"line":28,"column":1},"end":{"line":28,"column":8}},"18":{"start":{"line":31,"column":0},"end":{"line":35,"column":3}},"19":{"start":{"line":32,"column":15},"end":{"line":32,"column":125}},"20":{"start":{"line":33,"column":1},"end":{"line":33,"column":23}},"21":{"start":{"line":34,"column":1},"end":{"line":34,"column":8}},"22":{"start":{"line":37,"column":0},"end":{"line":47,"column":3}},"23":{"start":{"line":38,"column":13},"end":{"line":38,"column":48}},"24":{"start":{"line":39,"column":1},"end":{"line":41,"column":2}},"25":{"start":{"line":40,"column":2},"end":{"line":40,"column":62}},"26":{"start":{"line":43,"column":1},"end":{"line":43,"column":58}},"27":{"start":{"line":44,"column":1},"end":{"line":44,"column":97}},"28":{"start":{"line":45,"column":1},"end":{"line":45,"column":23}},"29":{"start":{"line":46,"column":1},"end":{"line":46,"column":8}},"30":{"start":{"line":49,"column":0},"end":{"line":59,"column":3}},"31":{"start":{"line":50,"column":15},"end":{"line":50,"column":126}},"32":{"start":{"line":51,"column":18},"end":{"line":51,"column":39}},"33":{"start":{"line":53,"column":1},"end":{"line":55,"column":2}},"34":{"start":{"line":54,"column":2},"end":{"line":54,"column":108}},"35":{"start":{"line":57,"column":1},"end":{"line":57,"column":21}},"36":{"start":{"line":58,"column":1},"end":{"line":58,"column":8}}},"fnMap":{"0":{"name":"(anonymous_0)","decl":{"start":{"line":10,"column":57},"end":{"line":10,"column":58}},"loc":{"start":{"line":10,"column":84},"end":{"line":15,"column":1}},"line":10},"1":{"name":"(anonymous_1)","decl":{"start":{"line":17,"column":55},"end":{"line":17,"column":56}},"loc":{"start":{"line":17,"column":81},"end":{"line":29,"column":1}},"line":17},"2":{"name":"(anonymous_2)","decl":{"start":{"line":31,"column":48},"end":{"line":31,"column":49}},"loc":{"start":{"line":31,"column":74},"end":{"line":35,"column":1}},"line":31},"3":{"name":"(anonymous_3)","decl":{"start":{"line":37,"column":48},"end":{"line":37,"column":49}},"loc":{"start":{"line":37,"column":75},"end":{"line":47,"column":1}},"line":37},"4":{"name":"(anonymous_4)","decl":{"start":{"line":49,"column":61},"end":{"line":49,"column":62}},"loc":{"start":{"line":49,"column":88},"end":{"line":59,"column":1}},"line":49}},"branchMap":{"0":{"loc":{"start":{"line":39,"column":1},"end":{"line":41,"column":2}},"type":"if","locations":[{"start":{"line":39,"column":1},"end":{"line":41,"column":2}},{"start":{},"end":{}}],"line":39},"1":{"loc":{"start":{"line":53,"column":1},"end":{"line":55,"column":2}},"type":"if","locations":[{"start":{"line":53,"column":1},"end":{"line":55,"column":2}},{"start":{},"end":{}}],"line":53}},"s":{"0":2,"1":2,"2":2,"3":2,"4":2,"5":2,"6":2,"7":0,"8":0,"9":0,"10":2,"11":0,"12":0,"13":0,"14":0,"15":0,"16":0,"17":0,"18":2,"19":0,"20":0,"21":0,"22":2,"23":0,"24":0,"25":0,"26":0,"27":0,"28":0,"29":0,"30":2,"31":0,"32":0,"33":0,"34":0,"35":0,"36":0},"f":{"0":0,"1":0,"2":0,"3":0,"4":0},"b":{"0":[0,0],"1":[0,0]},"_coverageSchema":"1a1c01bbd47fc00a2c39e90264f33305004495a9","hash":"434988f2e12270ead77ae3b26d036842ac1f1025"}
,"/Users/benjhatch/caretechers/backend/src/middlewares/messages.js": {"path":"/Users/benjhatch/caretechers/backend/src/middlewares/messages.js","statementMap":{"0":{"start":{"line":1,"column":18},"end":{"line":1,"column":36}},"1":{"start":{"line":2,"column":21},"end":{"line":2,"column":53}},"2":{"start":{"line":3,"column":12},"end":{"line":3,"column":43}},"3":{"start":{"line":5,"column":11},"end":{"line":5,"column":33}},"4":{"start":{"line":6,"column":27},"end":{"line":6,"column":45}},"5":{"start":{"line":8,"column":0},"end":{"line":19,"column":3}},"6":{"start":{"line":9,"column":15},"end":{"line":9,"column":106}},"7":{"start":{"line":10,"column":14},"end":{"line":10,"column":35}},"8":{"start":{"line":12,"column":1},"end":{"line":14,"column":2}},"9":{"start":{"line":13,"column":2},"end":{"line":13,"column":42}},"10":{"start":{"line":16,"column":1},"end":{"line":16,"column":80}},"11":{"start":{"line":16,"column":19},"end":{"line":16,"column":78}},"12":{"start":{"line":17,"column":1},"end":{"line":17,"column":21}},"13":{"start":{"line":18,"column":1},"end":{"line":18,"column":8}},"14":{"start":{"line":22,"column":0},"end":{"line":27,"column":3}},"15":{"start":{"line":23,"column":15},"end":{"line":23,"column":79}},"16":{"start":{"line":24,"column":14},"end":{"line":24,"column":35}},"17":{"start":{"line":25,"column":1},"end":{"line":25,"column":21}},"18":{"start":{"line":26,"column":1},"end":{"line":26,"column":8}},"19":{"start":{"line":30,"column":15},"end":{"line":30,"column":166}},"20":{"start":{"line":31,"column":14},"end":{"line":31,"column":35}},"21":{"start":{"line":32,"column":1},"end":{"line":32,"column":15}},"22":{"start":{"line":35,"column":0},"end":{"line":40,"column":3}},"23":{"start":{"line":36,"column":1},"end":{"line":38,"column":2}},"24":{"start":{"line":37,"column":2},"end":{"line":37,"column":67}},"25":{"start":{"line":39,"column":1},"end":{"line":39,"column":8}},"26":{"start":{"line":42,"column":0},"end":{"line":48,"column":3}},"27":{"start":{"line":43,"column":16},"end":{"line":43,"column":51}},"28":{"start":{"line":44,"column":15},"end":{"line":45,"column":38}},"29":{"start":{"line":46,"column":1},"end":{"line":46,"column":36}},"30":{"start":{"line":47,"column":1},"end":{"line":47,"column":8}},"31":{"start":{"line":50,"column":0},"end":{"line":59,"column":3}},"32":{"start":{"line":51,"column":1},"end":{"line":57,"column":2}},"33":{"start":{"line":52,"column":16},"end":{"line":52,"column":83}},"34":{"start":{"line":53,"column":2},"end":{"line":53,"column":37}},"35":{"start":{"line":56,"column":2},"end":{"line":56,"column":59}},"36":{"start":{"line":58,"column":1},"end":{"line":58,"column":8}},"37":{"start":{"line":61,"column":0},"end":{"line":65,"column":3}},"38":{"start":{"line":62,"column":15},"end":{"line":62,"column":93}},"39":{"start":{"line":63,"column":1},"end":{"line":63,"column":36}},"40":{"start":{"line":64,"column":1},"end":{"line":64,"column":8}}},"fnMap":{"0":{"name":"(anonymous_0)","decl":{"start":{"line":8,"column":49},"end":{"line":8,"column":50}},"loc":{"start":{"line":8,"column":75},"end":{"line":19,"column":1}},"line":8},"1":{"name":"(anonymous_1)","decl":{"start":{"line":16,"column":12},"end":{"line":16,"column":13}},"loc":{"start":{"line":16,"column":19},"end":{"line":16,"column":78}},"line":16},"2":{"name":"(anonymous_2)","decl":{"start":{"line":22,"column":46},"end":{"line":22,"column":47}},"loc":{"start":{"line":22,"column":72},"end":{"line":27,"column":1}},"line":22},"3":{"name":"createNewMessage","decl":{"start":{"line":29,"column":15},"end":{"line":29,"column":31}},"loc":{"start":{"line":29,"column":46},"end":{"line":33,"column":1}},"line":29},"4":{"name":"(anonymous_4)","decl":{"start":{"line":35,"column":51},"end":{"line":35,"column":52}},"loc":{"start":{"line":35,"column":78},"end":{"line":40,"column":1}},"line":35},"5":{"name":"(anonymous_5)","decl":{"start":{"line":42,"column":56},"end":{"line":42,"column":57}},"loc":{"start":{"line":42,"column":83},"end":{"line":48,"column":1}},"line":42},"6":{"name":"(anonymous_6)","decl":{"start":{"line":50,"column":44},"end":{"line":50,"column":45}},"loc":{"start":{"line":50,"column":71},"end":{"line":59,"column":1}},"line":50},"7":{"name":"(anonymous_7)","decl":{"start":{"line":61,"column":48},"end":{"line":61,"column":49}},"loc":{"start":{"line":61,"column":75},"end":{"line":65,"column":1}},"line":61}},"branchMap":{"0":{"loc":{"start":{"line":12,"column":1},"end":{"line":14,"column":2}},"type":"if","locations":[{"start":{"line":12,"column":1},"end":{"line":14,"column":2}},{"start":{},"end":{}}],"line":12},"1":{"loc":{"start":{"line":36,"column":1},"end":{"line":38,"column":2}},"type":"if","locations":[{"start":{"line":36,"column":1},"end":{"line":38,"column":2}},{"start":{},"end":{}}],"line":36},"2":{"loc":{"start":{"line":51,"column":1},"end":{"line":57,"column":2}},"type":"if","locations":[{"start":{"line":51,"column":1},"end":{"line":57,"column":2}},{"start":{"line":55,"column":6},"end":{"line":57,"column":2}}],"line":51}},"s":{"0":2,"1":2,"2":2,"3":2,"4":2,"5":2,"6":0,"7":0,"8":0,"9":0,"10":0,"11":0,"12":0,"13":0,"14":2,"15":0,"16":0,"17":0,"18":0,"19":0,"20":0,"21":0,"22":2,"23":0,"24":0,"25":0,"26":2,"27":0,"28":0,"29":0,"30":0,"31":2,"32":0,"33":0,"34":0,"35":0,"36":0,"37":2,"38":0,"39":0,"40":0},"f":{"0":0,"1":0,"2":0,"3":0,"4":0,"5":0,"6":0,"7":0},"b":{"0":[0,0],"1":[0,0],"2":[0,0]},"_coverageSchema":"1a1c01bbd47fc00a2c39e90264f33305004495a9","hash":"b5410a418182fb12f64b21a7fe48428d064b0be1"}
,"/Users/benjhatch/caretechers/backend/src/middlewares/notes.js": {"path":"/Users/benjhatch/caretechers/backend/src/middlewares/notes.js","statementMap":{"0":{"start":{"line":1,"column":21},"end":{"line":1,"column":53}},"1":{"start":{"line":2,"column":12},"end":{"line":2,"column":43}},"2":{"start":{"line":4,"column":11},"end":{"line":4,"column":33}},"3":{"start":{"line":5,"column":37},"end":{"line":5,"column":55}},"4":{"start":{"line":7,"column":0},"end":{"line":14,"column":3}},"5":{"start":{"line":8,"column":15},"end":{"line":10,"column":47}},"6":{"start":{"line":12,"column":1},"end":{"line":12,"column":36}},"7":{"start":{"line":13,"column":1},"end":{"line":13,"column":8}},"8":{"start":{"line":16,"column":0},"end":{"line":26,"column":3}},"9":{"start":{"line":17,"column":15},"end":{"line":17,"column":71}},"10":{"start":{"line":18,"column":18},"end":{"line":18,"column":39}},"11":{"start":{"line":20,"column":1},"end":{"line":22,"column":2}},"12":{"start":{"line":21,"column":2},"end":{"line":21,"column":76}},"13":{"start":{"line":24,"column":1},"end":{"line":24,"column":21}},"14":{"start":{"line":25,"column":1},"end":{"line":25,"column":8}},"15":{"start":{"line":28,"column":0},"end":{"line":33,"column":3}},"16":{"start":{"line":29,"column":1},"end":{"line":31,"column":2}},"17":{"start":{"line":30,"column":2},"end":{"line":30,"column":64}},"18":{"start":{"line":32,"column":1},"end":{"line":32,"column":8}},"19":{"start":{"line":35,"column":0},"end":{"line":46,"column":3}},"20":{"start":{"line":38,"column":1},"end":{"line":42,"column":2}},"21":{"start":{"line":39,"column":2},"end":{"line":39,"column":163}},"22":{"start":{"line":41,"column":2},"end":{"line":41,"column":133}},"23":{"start":{"line":43,"column":16},"end":{"line":43,"column":37}},"24":{"start":{"line":44,"column":1},"end":{"line":44,"column":40}},"25":{"start":{"line":45,"column":1},"end":{"line":45,"column":8}},"26":{"start":{"line":48,"column":0},"end":{"line":55,"column":3}},"27":{"start":{"line":49,"column":15},"end":{"line":49,"column":73}},"28":{"start":{"line":50,"column":16},"end":{"line":50,"column":37}},"29":{"start":{"line":51,"column":1},"end":{"line":53,"column":2}},"30":{"start":{"line":52,"column":2},"end":{"line":52,"column":80}},"31":{"start":{"line":54,"column":1},"end":{"line":54,"column":8}},"32":{"start":{"line":57,"column":0},"end":{"line":76,"column":3}},"33":{"start":{"line":58,"column":13},"end":{"line":58,"column":35}},"34":{"start":{"line":59,"column":1},"end":{"line":61,"column":2}},"35":{"start":{"line":60,"column":2},"end":{"line":60,"column":72}},"36":{"start":{"line":62,"column":1},"end":{"line":71,"column":2}},"37":{"start":{"line":63,"column":2},"end":{"line":63,"column":78}},"38":{"start":{"line":65,"column":2},"end":{"line":67,"column":3}},"39":{"start":{"line":66,"column":3},"end":{"line":66,"column":48}},"40":{"start":{"line":68,"column":2},"end":{"line":70,"column":3}},"41":{"start":{"line":69,"column":3},"end":{"line":69,"column":52}},"42":{"start":{"line":73,"column":1},"end":{"line":73,"column":54}},"43":{"start":{"line":74,"column":1},"end":{"line":74,"column":23}},"44":{"start":{"line":75,"column":1},"end":{"line":75,"column":8}},"45":{"start":{"line":78,"column":0},"end":{"line":82,"column":3}},"46":{"start":{"line":79,"column":13},"end":{"line":79,"column":68}},"47":{"start":{"line":80,"column":1},"end":{"line":80,"column":23}},"48":{"start":{"line":81,"column":1},"end":{"line":81,"column":8}},"49":{"start":{"line":84,"column":0},"end":{"line":90,"column":3}},"50":{"start":{"line":85,"column":16},"end":{"line":85,"column":51}},"51":{"start":{"line":86,"column":15},"end":{"line":87,"column":38}},"52":{"start":{"line":88,"column":1},"end":{"line":88,"column":36}},"53":{"start":{"line":89,"column":1},"end":{"line":89,"column":8}},"54":{"start":{"line":92,"column":0},"end":{"line":97,"column":3}},"55":{"start":{"line":93,"column":1},"end":{"line":95,"column":2}},"56":{"start":{"line":94,"column":2},"end":{"line":94,"column":67}},"57":{"start":{"line":96,"column":1},"end":{"line":96,"column":8}}},"fnMap":{"0":{"name":"(anonymous_0)","decl":{"start":{"line":7,"column":48},"end":{"line":7,"column":49}},"loc":{"start":{"line":7,"column":74},"end":{"line":14,"column":1}},"line":7},"1":{"name":"(anonymous_1)","decl":{"start":{"line":16,"column":46},"end":{"line":16,"column":47}},"loc":{"start":{"line":16,"column":73},"end":{"line":26,"column":1}},"line":16},"2":{"name":"(anonymous_2)","decl":{"start":{"line":28,"column":49},"end":{"line":28,"column":50}},"loc":{"start":{"line":28,"column":76},"end":{"line":33,"column":1}},"line":28},"3":{"name":"(anonymous_3)","decl":{"start":{"line":35,"column":44},"end":{"line":35,"column":45}},"loc":{"start":{"line":35,"column":70},"end":{"line":46,"column":1}},"line":35},"4":{"name":"(anonymous_4)","decl":{"start":{"line":48,"column":48},"end":{"line":48,"column":49}},"loc":{"start":{"line":48,"column":75},"end":{"line":55,"column":1}},"line":48},"5":{"name":"(anonymous_5)","decl":{"start":{"line":57,"column":41},"end":{"line":57,"column":42}},"loc":{"start":{"line":57,"column":68},"end":{"line":76,"column":1}},"line":57},"6":{"name":"(anonymous_6)","decl":{"start":{"line":78,"column":41},"end":{"line":78,"column":42}},"loc":{"start":{"line":78,"column":68},"end":{"line":82,"column":1}},"line":78},"7":{"name":"(anonymous_7)","decl":{"start":{"line":84,"column":53},"end":{"line":84,"column":54}},"loc":{"start":{"line":84,"column":80},"end":{"line":90,"column":1}},"line":84},"8":{"name":"(anonymous_8)","decl":{"start":{"line":92,"column":51},"end":{"line":92,"column":52}},"loc":{"start":{"line":92,"column":78},"end":{"line":97,"column":1}},"line":92}},"branchMap":{"0":{"loc":{"start":{"line":20,"column":1},"end":{"line":22,"column":2}},"type":"if","locations":[{"start":{"line":20,"column":1},"end":{"line":22,"column":2}},{"start":{},"end":{}}],"line":20},"1":{"loc":{"start":{"line":29,"column":1},"end":{"line":31,"column":2}},"type":"if","locations":[{"start":{"line":29,"column":1},"end":{"line":31,"column":2}},{"start":{},"end":{}}],"line":29},"2":{"loc":{"start":{"line":38,"column":1},"end":{"line":42,"column":2}},"type":"if","locations":[{"start":{"line":38,"column":1},"end":{"line":42,"column":2}},{"start":{"line":40,"column":8},"end":{"line":42,"column":2}}],"line":38},"3":{"loc":{"start":{"line":51,"column":1},"end":{"line":53,"column":2}},"type":"if","locations":[{"start":{"line":51,"column":1},"end":{"line":53,"column":2}},{"start":{},"end":{}}],"line":51},"4":{"loc":{"start":{"line":59,"column":1},"end":{"line":61,"column":2}},"type":"if","locations":[{"start":{"line":59,"column":1},"end":{"line":61,"column":2}},{"start":{},"end":{}}],"line":59},"5":{"loc":{"start":{"line":59,"column":5},"end":{"line":59,"column":41}},"type":"binary-expr","locations":[{"start":{"line":59,"column":5},"end":{"line":59,"column":20}},{"start":{"line":59,"column":24},"end":{"line":59,"column":41}}],"line":59},"6":{"loc":{"start":{"line":62,"column":1},"end":{"line":71,"column":2}},"type":"if","locations":[{"start":{"line":62,"column":1},"end":{"line":71,"column":2}},{"start":{"line":64,"column":8},"end":{"line":71,"column":2}}],"line":62},"7":{"loc":{"start":{"line":62,"column":5},"end":{"line":62,"column":39}},"type":"binary-expr","locations":[{"start":{"line":62,"column":5},"end":{"line":62,"column":19}},{"start":{"line":62,"column":23},"end":{"line":62,"column":39}}],"line":62},"8":{"loc":{"start":{"line":65,"column":2},"end":{"line":67,"column":3}},"type":"if","locations":[{"start":{"line":65,"column":2},"end":{"line":67,"column":3}},{"start":{},"end":{}}],"line":65},"9":{"loc":{"start":{"line":68,"column":2},"end":{"line":70,"column":3}},"type":"if","locations":[{"start":{"line":68,"column":2},"end":{"line":70,"column":3}},{"start":{},"end":{}}],"line":68},"10":{"loc":{"start":{"line":93,"column":1},"end":{"line":95,"column":2}},"type":"if","locations":[{"start":{"line":93,"column":1},"end":{"line":95,"column":2}},{"start":{},"end":{}}],"line":93}},"s":{"0":2,"1":2,"2":2,"3":2,"4":2,"5":1,"6":1,"7":1,"8":2,"9":0,"10":0,"11":0,"12":0,"13":0,"14":0,"15":2,"16":0,"17":0,"18":0,"19":2,"20":0,"21":0,"22":0,"23":0,"24":0,"25":0,"26":2,"27":0,"28":0,"29":0,"30":0,"31":0,"32":2,"33":0,"34":0,"35":0,"36":0,"37":0,"38":0,"39":0,"40":0,"41":0,"42":0,"43":0,"44":0,"45":2,"46":0,"47":0,"48":0,"49":2,"50":0,"51":0,"52":0,"53":0,"54":2,"55":0,"56":0,"57":0},"f":{"0":1,"1":0,"2":0,"3":0,"4":0,"5":0,"6":0,"7":0,"8":0},"b":{"0":[0,0],"1":[0,0],"2":[0,0],"3":[0,0],"4":[0,0],"5":[0,0],"6":[0,0],"7":[0,0],"8":[0,0],"9":[0,0],"10":[0,0]},"_coverageSchema":"1a1c01bbd47fc00a2c39e90264f33305004495a9","hash":"d83c075ed0b179cd1a56a25b18fd266790a7cbb4"}
,"/Users/benjhatch/caretechers/backend/src/middlewares/shared.js": {"path":"/Users/benjhatch/caretechers/backend/src/middlewares/shared.js","statementMap":{"0":{"start":{"line":1,"column":0},"end":{"line":3,"column":1}},"1":{"start":{"line":2,"column":1},"end":{"line":2,"column":41}},"2":{"start":{"line":5,"column":0},"end":{"line":7,"column":1}},"3":{"start":{"line":6,"column":1},"end":{"line":6,"column":31}}},"fnMap":{"0":{"name":"(anonymous_0)","decl":{"start":{"line":1,"column":28},"end":{"line":1,"column":29}},"loc":{"start":{"line":1,"column":42},"end":{"line":3,"column":1}},"line":1},"1":{"name":"(anonymous_1)","decl":{"start":{"line":5,"column":30},"end":{"line":5,"column":31}},"loc":{"start":{"line":5,"column":44},"end":{"line":7,"column":1}},"line":5}},"branchMap":{},"s":{"0":2,"1":4,"2":2,"3":1},"f":{"0":4,"1":1},"b":{},"_coverageSchema":"1a1c01bbd47fc00a2c39e90264f33305004495a9","hash":"b44ab3d7dd18e48269187b81cde9f235d0a0559a"}
,"/Users/benjhatch/caretechers/backend/src/middlewares/tasks.js": {"path":"/Users/benjhatch/caretechers/backend/src/middlewares/tasks.js","statementMap":{"0":{"start":{"line":1,"column":12},"end":{"line":1,"column":26}},"1":{"start":{"line":2,"column":12},"end":{"line":2,"column":21}},"2":{"start":{"line":3,"column":21},"end":{"line":3,"column":53}},"3":{"start":{"line":4,"column":12},"end":{"line":4,"column":43}},"4":{"start":{"line":6,"column":11},"end":{"line":6,"column":33}},"5":{"start":{"line":7,"column":21},"end":{"line":7,"column":39}},"6":{"start":{"line":9,"column":0},"end":{"line":15,"column":3}},"7":{"start":{"line":10,"column":16},"end":{"line":12,"column":94}},"8":{"start":{"line":13,"column":2},"end":{"line":13,"column":37}},"9":{"start":{"line":14,"column":2},"end":{"line":14,"column":9}},"10":{"start":{"line":17,"column":0},"end":{"line":21,"column":3}},"11":{"start":{"line":18,"column":16},"end":{"line":18,"column":178}},"12":{"start":{"line":19,"column":2},"end":{"line":19,"column":37}},"13":{"start":{"line":20,"column":2},"end":{"line":20,"column":9}},"14":{"start":{"line":23,"column":0},"end":{"line":32,"column":3}},"15":{"start":{"line":24,"column":16},"end":{"line":29,"column":34}},"16":{"start":{"line":30,"column":2},"end":{"line":30,"column":37}},"17":{"start":{"line":31,"column":2},"end":{"line":31,"column":9}},"18":{"start":{"line":34,"column":0},"end":{"line":44,"column":3}},"19":{"start":{"line":35,"column":24},"end":{"line":35,"column":92}},"20":{"start":{"line":36,"column":17},"end":{"line":36,"column":46}},"21":{"start":{"line":37,"column":23},"end":{"line":37,"column":60}},"22":{"start":{"line":39,"column":4},"end":{"line":41,"column":66}},"23":{"start":{"line":42,"column":2},"end":{"line":42,"column":24}},"24":{"start":{"line":43,"column":2},"end":{"line":43,"column":9}},"25":{"start":{"line":46,"column":0},"end":{"line":80,"column":3}},"26":{"start":{"line":47,"column":22},"end":{"line":47,"column":32}},"27":{"start":{"line":48,"column":25},"end":{"line":48,"column":34}},"28":{"start":{"line":52,"column":16},"end":{"line":76,"column":37}},"29":{"start":{"line":78,"column":2},"end":{"line":78,"column":37}},"30":{"start":{"line":79,"column":2},"end":{"line":79,"column":9}},"31":{"start":{"line":82,"column":0},"end":{"line":98,"column":3}},"32":{"start":{"line":83,"column":16},"end":{"line":84,"column":120}},"33":{"start":{"line":86,"column":17},"end":{"line":86,"column":38}},"34":{"start":{"line":88,"column":2},"end":{"line":94,"column":3}},"35":{"start":{"line":89,"column":24},"end":{"line":92,"column":65}},"36":{"start":{"line":93,"column":4},"end":{"line":93,"column":32}},"37":{"start":{"line":96,"column":2},"end":{"line":96,"column":22}},"38":{"start":{"line":97,"column":2},"end":{"line":97,"column":9}},"39":{"start":{"line":100,"column":0},"end":{"line":116,"column":3}},"40":{"start":{"line":101,"column":16},"end":{"line":101,"column":167}},"41":{"start":{"line":103,"column":22},"end":{"line":103,"column":93}},"42":{"start":{"line":104,"column":2},"end":{"line":104,"column":30}},"43":{"start":{"line":105,"column":2},"end":{"line":105,"column":39}},"44":{"start":{"line":106,"column":2},"end":{"line":112,"column":3}},"45":{"start":{"line":107,"column":24},"end":{"line":110,"column":65}},"46":{"start":{"line":111,"column":4},"end":{"line":111,"column":32}},"47":{"start":{"line":114,"column":2},"end":{"line":114,"column":37}},"48":{"start":{"line":115,"column":2},"end":{"line":115,"column":9}},"49":{"start":{"line":118,"column":0},"end":{"line":132,"column":3}},"50":{"start":{"line":119,"column":24},"end":{"line":119,"column":120}},"51":{"start":{"line":120,"column":2},"end":{"line":120,"column":32}},"52":{"start":{"line":121,"column":16},"end":{"line":122,"column":182}},"53":{"start":{"line":123,"column":2},"end":{"line":123,"column":42}},"54":{"start":{"line":124,"column":2},"end":{"line":130,"column":3}},"55":{"start":{"line":125,"column":24},"end":{"line":128,"column":66}},"56":{"start":{"line":129,"column":4},"end":{"line":129,"column":32}},"57":{"start":{"line":131,"column":2},"end":{"line":131,"column":9}},"58":{"start":{"line":153,"column":0},"end":{"line":176,"column":2}},"59":{"start":{"line":154,"column":17},"end":{"line":170,"column":3}},"60":{"start":{"line":171,"column":19},"end":{"line":171,"column":38}},"61":{"start":{"line":172,"column":2},"end":{"line":174,"column":3}},"62":{"start":{"line":173,"column":4},"end":{"line":173,"column":64}},"63":{"start":{"line":175,"column":2},"end":{"line":175,"column":9}},"64":{"start":{"line":178,"column":0},"end":{"line":208,"column":3}},"65":{"start":{"line":179,"column":16},"end":{"line":179,"column":51}},"66":{"start":{"line":180,"column":2},"end":{"line":182,"column":3}},"67":{"start":{"line":181,"column":4},"end":{"line":181,"column":32}},"68":{"start":{"line":183,"column":2},"end":{"line":185,"column":3}},"69":{"start":{"line":184,"column":4},"end":{"line":184,"column":29}},"70":{"start":{"line":187,"column":14},"end":{"line":187,"column":40}},"71":{"start":{"line":189,"column":2},"end":{"line":196,"column":3}},"72":{"start":{"line":189,"column":15},"end":{"line":189,"column":16}},"73":{"start":{"line":190,"column":4},"end":{"line":195,"column":5}},"74":{"start":{"line":191,"column":6},"end":{"line":191,"column":38}},"75":{"start":{"line":192,"column":6},"end":{"line":192,"column":97}},"76":{"start":{"line":194,"column":6},"end":{"line":194,"column":38}},"77":{"start":{"line":198,"column":2},"end":{"line":200,"column":3}},"78":{"start":{"line":199,"column":4},"end":{"line":199,"column":49}},"79":{"start":{"line":201,"column":2},"end":{"line":203,"column":3}},"80":{"start":{"line":202,"column":4},"end":{"line":202,"column":46}},"81":{"start":{"line":204,"column":2},"end":{"line":204,"column":24}},"82":{"start":{"line":206,"column":19},"end":{"line":206,"column":40}},"83":{"start":{"line":207,"column":2},"end":{"line":207,"column":22}},"84":{"start":{"line":210,"column":0},"end":{"line":305,"column":3}},"85":{"start":{"line":211,"column":16},"end":{"line":211,"column":67}},"86":{"start":{"line":212,"column":2},"end":{"line":214,"column":3}},"87":{"start":{"line":213,"column":4},"end":{"line":213,"column":32}},"88":{"start":{"line":215,"column":2},"end":{"line":217,"column":3}},"89":{"start":{"line":216,"column":4},"end":{"line":216,"column":29}},"90":{"start":{"line":219,"column":14},"end":{"line":219,"column":40}},"91":{"start":{"line":220,"column":2},"end":{"line":227,"column":3}},"92":{"start":{"line":220,"column":15},"end":{"line":220,"column":16}},"93":{"start":{"line":221,"column":4},"end":{"line":226,"column":5}},"94":{"start":{"line":222,"column":6},"end":{"line":222,"column":38}},"95":{"start":{"line":223,"column":6},"end":{"line":223,"column":97}},"96":{"start":{"line":225,"column":6},"end":{"line":225,"column":38}},"97":{"start":{"line":229,"column":2},"end":{"line":231,"column":3}},"98":{"start":{"line":230,"column":4},"end":{"line":230,"column":49}},"99":{"start":{"line":232,"column":2},"end":{"line":234,"column":3}},"100":{"start":{"line":233,"column":4},"end":{"line":233,"column":46}},"101":{"start":{"line":235,"column":2},"end":{"line":235,"column":24}},"102":{"start":{"line":237,"column":2},"end":{"line":237,"column":24}},"103":{"start":{"line":239,"column":2},"end":{"line":239,"column":108}},"104":{"start":{"line":240,"column":2},"end":{"line":242,"column":3}},"105":{"start":{"line":241,"column":4},"end":{"line":241,"column":66}},"106":{"start":{"line":243,"column":19},"end":{"line":243,"column":40}},"107":{"start":{"line":244,"column":17},"end":{"line":244,"column":26}},"108":{"start":{"line":246,"column":2},"end":{"line":304,"column":3}},"109":{"start":{"line":247,"column":4},"end":{"line":247,"column":44}},"110":{"start":{"line":248,"column":4},"end":{"line":261,"column":5}},"111":{"start":{"line":256,"column":6},"end":{"line":260,"column":8}},"112":{"start":{"line":262,"column":4},"end":{"line":264,"column":5}},"113":{"start":{"line":263,"column":6},"end":{"line":263,"column":39}},"114":{"start":{"line":265,"column":4},"end":{"line":267,"column":5}},"115":{"start":{"line":266,"column":6},"end":{"line":266,"column":34}},"116":{"start":{"line":268,"column":4},"end":{"line":270,"column":5}},"117":{"start":{"line":269,"column":6},"end":{"line":269,"column":36}},"118":{"start":{"line":271,"column":4},"end":{"line":273,"column":5}},"119":{"start":{"line":272,"column":6},"end":{"line":272,"column":35}},"120":{"start":{"line":274,"column":4},"end":{"line":276,"column":5}},"121":{"start":{"line":275,"column":6},"end":{"line":275,"column":36}},"122":{"start":{"line":277,"column":4},"end":{"line":277,"column":47}},"123":{"start":{"line":278,"column":4},"end":{"line":285,"column":5}},"124":{"start":{"line":278,"column":17},"end":{"line":278,"column":18}},"125":{"start":{"line":279,"column":6},"end":{"line":284,"column":7}},"126":{"start":{"line":280,"column":8},"end":{"line":280,"column":40}},"127":{"start":{"line":281,"column":8},"end":{"line":281,"column":72}},"128":{"start":{"line":283,"column":8},"end":{"line":283,"column":40}},"129":{"start":{"line":286,"column":4},"end":{"line":288,"column":5}},"130":{"start":{"line":287,"column":6},"end":{"line":287,"column":56}},"131":{"start":{"line":289,"column":4},"end":{"line":291,"column":5}},"132":{"start":{"line":290,"column":6},"end":{"line":290,"column":51}},"133":{"start":{"line":292,"column":4},"end":{"line":294,"column":5}},"134":{"start":{"line":293,"column":6},"end":{"line":293,"column":53}},"135":{"start":{"line":295,"column":4},"end":{"line":297,"column":5}},"136":{"start":{"line":296,"column":6},"end":{"line":296,"column":52}},"137":{"start":{"line":298,"column":4},"end":{"line":300,"column":5}},"138":{"start":{"line":299,"column":6},"end":{"line":299,"column":53}},"139":{"start":{"line":301,"column":4},"end":{"line":301,"column":26}},"140":{"start":{"line":302,"column":4},"end":{"line":302,"column":26}},"141":{"start":{"line":303,"column":4},"end":{"line":303,"column":11}}},"fnMap":{"0":{"name":"(anonymous_0)","decl":{"start":{"line":9,"column":42},"end":{"line":9,"column":43}},"loc":{"start":{"line":9,"column":69},"end":{"line":15,"column":1}},"line":9},"1":{"name":"(anonymous_1)","decl":{"start":{"line":17,"column":45},"end":{"line":17,"column":46}},"loc":{"start":{"line":17,"column":72},"end":{"line":21,"column":1}},"line":17},"2":{"name":"(anonymous_2)","decl":{"start":{"line":23,"column":46},"end":{"line":23,"column":47}},"loc":{"start":{"line":23,"column":73},"end":{"line":32,"column":1}},"line":23},"3":{"name":"(anonymous_3)","decl":{"start":{"line":34,"column":41},"end":{"line":34,"column":42}},"loc":{"start":{"line":34,"column":68},"end":{"line":44,"column":1}},"line":34},"4":{"name":"(anonymous_4)","decl":{"start":{"line":46,"column":50},"end":{"line":46,"column":51}},"loc":{"start":{"line":46,"column":76},"end":{"line":80,"column":1}},"line":46},"5":{"name":"(anonymous_5)","decl":{"start":{"line":82,"column":41},"end":{"line":82,"column":42}},"loc":{"start":{"line":82,"column":68},"end":{"line":98,"column":1}},"line":82},"6":{"name":"(anonymous_6)","decl":{"start":{"line":100,"column":49},"end":{"line":100,"column":50}},"loc":{"start":{"line":100,"column":76},"end":{"line":116,"column":1}},"line":100},"7":{"name":"(anonymous_7)","decl":{"start":{"line":118,"column":39},"end":{"line":118,"column":40}},"loc":{"start":{"line":118,"column":66},"end":{"line":132,"column":1}},"line":118},"8":{"name":"(anonymous_8)","decl":{"start":{"line":153,"column":35},"end":{"line":153,"column":36}},"loc":{"start":{"line":153,"column":56},"end":{"line":176,"column":1}},"line":153},"9":{"name":"(anonymous_9)","decl":{"start":{"line":178,"column":45},"end":{"line":178,"column":46}},"loc":{"start":{"line":178,"column":72},"end":{"line":208,"column":1}},"line":178},"10":{"name":"(anonymous_10)","decl":{"start":{"line":210,"column":44},"end":{"line":210,"column":45}},"loc":{"start":{"line":210,"column":71},"end":{"line":305,"column":1}},"line":210}},"branchMap":{"0":{"loc":{"start":{"line":39,"column":4},"end":{"line":41,"column":66}},"type":"cond-expr","locations":[{"start":{"line":40,"column":8},"end":{"line":40,"column":98}},{"start":{"line":41,"column":8},"end":{"line":41,"column":66}}],"line":39},"1":{"loc":{"start":{"line":39,"column":4},"end":{"line":39,"column":39}},"type":"binary-expr","locations":[{"start":{"line":39,"column":4},"end":{"line":39,"column":22}},{"start":{"line":39,"column":26},"end":{"line":39,"column":39}}],"line":39},"2":{"loc":{"start":{"line":88,"column":2},"end":{"line":94,"column":3}},"type":"if","locations":[{"start":{"line":88,"column":2},"end":{"line":94,"column":3}},{"start":{},"end":{}}],"line":88},"3":{"loc":{"start":{"line":106,"column":2},"end":{"line":112,"column":3}},"type":"if","locations":[{"start":{"line":106,"column":2},"end":{"line":112,"column":3}},{"start":{},"end":{}}],"line":106},"4":{"loc":{"start":{"line":124,"column":2},"end":{"line":130,"column":3}},"type":"if","locations":[{"start":{"line":124,"column":2},"end":{"line":130,"column":3}},{"start":{},"end":{}}],"line":124},"5":{"loc":{"start":{"line":172,"column":2},"end":{"line":174,"column":3}},"type":"if","locations":[{"start":{"line":172,"column":2},"end":{"line":174,"column":3}},{"start":{},"end":{}}],"line":172},"6":{"loc":{"start":{"line":180,"column":2},"end":{"line":182,"column":3}},"type":"if","locations":[{"start":{"line":180,"column":2},"end":{"line":182,"column":3}},{"start":{},"end":{}}],"line":180},"7":{"loc":{"start":{"line":183,"column":2},"end":{"line":185,"column":3}},"type":"if","locations":[{"start":{"line":183,"column":2},"end":{"line":185,"column":3}},{"start":{},"end":{}}],"line":183},"8":{"loc":{"start":{"line":190,"column":4},"end":{"line":195,"column":5}},"type":"if","locations":[{"start":{"line":190,"column":4},"end":{"line":195,"column":5}},{"start":{"line":193,"column":11},"end":{"line":195,"column":5}}],"line":190},"9":{"loc":{"start":{"line":198,"column":2},"end":{"line":200,"column":3}},"type":"if","locations":[{"start":{"line":198,"column":2},"end":{"line":200,"column":3}},{"start":{},"end":{}}],"line":198},"10":{"loc":{"start":{"line":201,"column":2},"end":{"line":203,"column":3}},"type":"if","locations":[{"start":{"line":201,"column":2},"end":{"line":203,"column":3}},{"start":{},"end":{}}],"line":201},"11":{"loc":{"start":{"line":212,"column":2},"end":{"line":214,"column":3}},"type":"if","locations":[{"start":{"line":212,"column":2},"end":{"line":214,"column":3}},{"start":{},"end":{}}],"line":212},"12":{"loc":{"start":{"line":215,"column":2},"end":{"line":217,"column":3}},"type":"if","locations":[{"start":{"line":215,"column":2},"end":{"line":217,"column":3}},{"start":{},"end":{}}],"line":215},"13":{"loc":{"start":{"line":221,"column":4},"end":{"line":226,"column":5}},"type":"if","locations":[{"start":{"line":221,"column":4},"end":{"line":226,"column":5}},{"start":{"line":224,"column":11},"end":{"line":226,"column":5}}],"line":221},"14":{"loc":{"start":{"line":229,"column":2},"end":{"line":231,"column":3}},"type":"if","locations":[{"start":{"line":229,"column":2},"end":{"line":231,"column":3}},{"start":{},"end":{}}],"line":229},"15":{"loc":{"start":{"line":232,"column":2},"end":{"line":234,"column":3}},"type":"if","locations":[{"start":{"line":232,"column":2},"end":{"line":234,"column":3}},{"start":{},"end":{}}],"line":232},"16":{"loc":{"start":{"line":240,"column":2},"end":{"line":242,"column":3}},"type":"if","locations":[{"start":{"line":240,"column":2},"end":{"line":242,"column":3}},{"start":{},"end":{}}],"line":240},"17":{"loc":{"start":{"line":246,"column":2},"end":{"line":304,"column":3}},"type":"if","locations":[{"start":{"line":246,"column":2},"end":{"line":304,"column":3}},{"start":{},"end":{}}],"line":246},"18":{"loc":{"start":{"line":248,"column":4},"end":{"line":261,"column":5}},"type":"if","locations":[{"start":{"line":248,"column":4},"end":{"line":261,"column":5}},{"start":{},"end":{}}],"line":248},"19":{"loc":{"start":{"line":249,"column":6},"end":{"line":254,"column":32}},"type":"binary-expr","locations":[{"start":{"line":249,"column":6},"end":{"line":249,"column":30}},{"start":{"line":250,"column":7},"end":{"line":250,"column":33}},{"start":{"line":251,"column":8},"end":{"line":251,"column":29}},{"start":{"line":252,"column":8},"end":{"line":252,"column":31}},{"start":{"line":253,"column":8},"end":{"line":253,"column":30}},{"start":{"line":254,"column":8},"end":{"line":254,"column":31}}],"line":249},"20":{"loc":{"start":{"line":262,"column":4},"end":{"line":264,"column":5}},"type":"if","locations":[{"start":{"line":262,"column":4},"end":{"line":264,"column":5}},{"start":{},"end":{}}],"line":262},"21":{"loc":{"start":{"line":265,"column":4},"end":{"line":267,"column":5}},"type":"if","locations":[{"start":{"line":265,"column":4},"end":{"line":267,"column":5}},{"start":{},"end":{}}],"line":265},"22":{"loc":{"start":{"line":268,"column":4},"end":{"line":270,"column":5}},"type":"if","locations":[{"start":{"line":268,"column":4},"end":{"line":270,"column":5}},{"start":{},"end":{}}],"line":268},"23":{"loc":{"start":{"line":271,"column":4},"end":{"line":273,"column":5}},"type":"if","locations":[{"start":{"line":271,"column":4},"end":{"line":273,"column":5}},{"start":{},"end":{}}],"line":271},"24":{"loc":{"start":{"line":274,"column":4},"end":{"line":276,"column":5}},"type":"if","locations":[{"start":{"line":274,"column":4},"end":{"line":276,"column":5}},{"start":{},"end":{}}],"line":274},"25":{"loc":{"start":{"line":279,"column":6},"end":{"line":284,"column":7}},"type":"if","locations":[{"start":{"line":279,"column":6},"end":{"line":284,"column":7}},{"start":{"line":282,"column":13},"end":{"line":284,"column":7}}],"line":279},"26":{"loc":{"start":{"line":286,"column":4},"end":{"line":288,"column":5}},"type":"if","locations":[{"start":{"line":286,"column":4},"end":{"line":288,"column":5}},{"start":{},"end":{}}],"line":286},"27":{"loc":{"start":{"line":289,"column":4},"end":{"line":291,"column":5}},"type":"if","locations":[{"start":{"line":289,"column":4},"end":{"line":291,"column":5}},{"start":{},"end":{}}],"line":289},"28":{"loc":{"start":{"line":292,"column":4},"end":{"line":294,"column":5}},"type":"if","locations":[{"start":{"line":292,"column":4},"end":{"line":294,"column":5}},{"start":{},"end":{}}],"line":292},"29":{"loc":{"start":{"line":295,"column":4},"end":{"line":297,"column":5}},"type":"if","locations":[{"start":{"line":295,"column":4},"end":{"line":297,"column":5}},{"start":{},"end":{}}],"line":295},"30":{"loc":{"start":{"line":298,"column":4},"end":{"line":300,"column":5}},"type":"if","locations":[{"start":{"line":298,"column":4},"end":{"line":300,"column":5}},{"start":{},"end":{}}],"line":298}},"s":{"0":2,"1":2,"2":2,"3":2,"4":2,"5":2,"6":2,"7":0,"8":0,"9":0,"10":2,"11":0,"12":0,"13":0,"14":2,"15":0,"16":0,"17":0,"18":2,"19":0,"20":0,"21":0,"22":0,"23":0,"24":0,"25":2,"26":0,"27":0,"28":0,"29":0,"30":0,"31":2,"32":0,"33":0,"34":0,"35":0,"36":0,"37":0,"38":0,"39":2,"40":0,"41":0,"42":0,"43":0,"44":0,"45":0,"46":0,"47":0,"48":0,"49":2,"50":0,"51":0,"52":0,"53":0,"54":0,"55":0,"56":0,"57":0,"58":2,"59":0,"60":0,"61":0,"62":0,"63":0,"64":2,"65":0,"66":0,"67":0,"68":0,"69":0,"70":0,"71":0,"72":0,"73":0,"74":0,"75":0,"76":0,"77":0,"78":0,"79":0,"80":0,"81":0,"82":0,"83":0,"84":2,"85":0,"86":0,"87":0,"88":0,"89":0,"90":0,"91":0,"92":0,"93":0,"94":0,"95":0,"96":0,"97":0,"98":0,"99":0,"100":0,"101":0,"102":0,"103":0,"104":0,"105":0,"106":0,"107":0,"108":0,"109":0,"110":0,"111":0,"112":0,"113":0,"114":0,"115":0,"116":0,"117":0,"118":0,"119":0,"120":0,"121":0,"122":0,"123":0,"124":0,"125":0,"126":0,"127":0,"128":0,"129":0,"130":0,"131":0,"132":0,"133":0,"134":0,"135":0,"136":0,"137":0,"138":0,"139":0,"140":0,"141":0},"f":{"0":0,"1":0,"2":0,"3":0,"4":0,"5":0,"6":0,"7":0,"8":0,"9":0,"10":0},"b":{"0":[0,0],"1":[0,0],"2":[0,0],"3":[0,0],"4":[0,0],"5":[0,0],"6":[0,0],"7":[0,0],"8":[0,0],"9":[0,0],"10":[0,0],"11":[0,0],"12":[0,0],"13":[0,0],"14":[0,0],"15":[0,0],"16":[0,0],"17":[0,0],"18":[0,0],"19":[0,0,0,0,0,0],"20":[0,0],"21":[0,0],"22":[0,0],"23":[0,0],"24":[0,0],"25":[0,0],"26":[0,0],"27":[0,0],"28":[0,0],"29":[0,0],"30":[0,0]},"_coverageSchema":"1a1c01bbd47fc00a2c39e90264f33305004495a9","hash":"760afbbdc0c64b5e1211fd9638673e42074a877d"}
,"/Users/benjhatch/caretechers/backend/src/middlewares/user.js": {"path":"/Users/benjhatch/caretechers/backend/src/middlewares/user.js","statementMap":{"0":{"start":{"line":1,"column":21},"end":{"line":1,"column":53}},"1":{"start":{"line":2,"column":12},"end":{"line":2,"column":43}},"2":{"start":{"line":4,"column":11},"end":{"line":4,"column":33}},"3":{"start":{"line":5,"column":21},"end":{"line":5,"column":39}},"4":{"start":{"line":6,"column":12},"end":{"line":6,"column":26}},"5":{"start":{"line":7,"column":12},"end":{"line":7,"column":21}},"6":{"start":{"line":9,"column":0},"end":{"line":27,"column":3}},"7":{"start":{"line":10,"column":17},"end":{"line":21,"column":3}},"8":{"start":{"line":22,"column":19},"end":{"line":22,"column":38}},"9":{"start":{"line":23,"column":2},"end":{"line":25,"column":3}},"10":{"start":{"line":24,"column":4},"end":{"line":24,"column":64}},"11":{"start":{"line":26,"column":2},"end":{"line":26,"column":9}},"12":{"start":{"line":29,"column":0},"end":{"line":36,"column":3}},"13":{"start":{"line":30,"column":14},"end":{"line":30,"column":208}},"14":{"start":{"line":31,"column":2},"end":{"line":33,"column":3}},"15":{"start":{"line":32,"column":4},"end":{"line":32,"column":237}},"16":{"start":{"line":34,"column":2},"end":{"line":34,"column":24}},"17":{"start":{"line":35,"column":2},"end":{"line":35,"column":9}},"18":{"start":{"line":38,"column":0},"end":{"line":44,"column":3}},"19":{"start":{"line":39,"column":16},"end":{"line":41,"column":43}},"20":{"start":{"line":42,"column":2},"end":{"line":42,"column":24}},"21":{"start":{"line":43,"column":2},"end":{"line":43,"column":9}},"22":{"start":{"line":46,"column":0},"end":{"line":56,"column":3}},"23":{"start":{"line":47,"column":16},"end":{"line":48,"column":47}},"24":{"start":{"line":50,"column":19},"end":{"line":50,"column":40}},"25":{"start":{"line":51,"column":2},"end":{"line":53,"column":3}},"26":{"start":{"line":52,"column":4},"end":{"line":52,"column":59}},"27":{"start":{"line":54,"column":2},"end":{"line":54,"column":22}},"28":{"start":{"line":55,"column":2},"end":{"line":55,"column":9}},"29":{"start":{"line":58,"column":0},"end":{"line":65,"column":3}},"30":{"start":{"line":59,"column":16},"end":{"line":59,"column":76}},"31":{"start":{"line":60,"column":19},"end":{"line":60,"column":40}},"32":{"start":{"line":61,"column":2},"end":{"line":63,"column":3}},"33":{"start":{"line":62,"column":4},"end":{"line":62,"column":59}},"34":{"start":{"line":64,"column":2},"end":{"line":64,"column":9}},"35":{"start":{"line":67,"column":0},"end":{"line":83,"column":3}},"36":{"start":{"line":68,"column":2},"end":{"line":70,"column":3}},"37":{"start":{"line":69,"column":4},"end":{"line":69,"column":59}},"38":{"start":{"line":72,"column":14},"end":{"line":73,"column":37}},"39":{"start":{"line":74,"column":19},"end":{"line":74,"column":40}},"40":{"start":{"line":76,"column":2},"end":{"line":78,"column":3}},"41":{"start":{"line":77,"column":4},"end":{"line":77,"column":61}},"42":{"start":{"line":80,"column":2},"end":{"line":80,"column":99}},"43":{"start":{"line":81,"column":2},"end":{"line":81,"column":24}},"44":{"start":{"line":82,"column":2},"end":{"line":82,"column":9}},"45":{"start":{"line":85,"column":0},"end":{"line":90,"column":3}},"46":{"start":{"line":86,"column":21},"end":{"line":86,"column":31}},"47":{"start":{"line":87,"column":16},"end":{"line":87,"column":111}},"48":{"start":{"line":88,"column":2},"end":{"line":88,"column":24}},"49":{"start":{"line":89,"column":2},"end":{"line":89,"column":9}},"50":{"start":{"line":92,"column":0},"end":{"line":100,"column":3}},"51":{"start":{"line":93,"column":16},"end":{"line":93,"column":76}},"52":{"start":{"line":94,"column":19},"end":{"line":94,"column":40}},"53":{"start":{"line":95,"column":2},"end":{"line":97,"column":3}},"54":{"start":{"line":96,"column":4},"end":{"line":96,"column":66}},"55":{"start":{"line":98,"column":2},"end":{"line":98,"column":22}},"56":{"start":{"line":99,"column":2},"end":{"line":99,"column":9}},"57":{"start":{"line":103,"column":0},"end":{"line":107,"column":3}},"58":{"start":{"line":104,"column":2},"end":{"line":104,"column":84}},"59":{"start":{"line":105,"column":2},"end":{"line":105,"column":24}},"60":{"start":{"line":106,"column":2},"end":{"line":106,"column":9}}},"fnMap":{"0":{"name":"(anonymous_0)","decl":{"start":{"line":9,"column":51},"end":{"line":9,"column":52}},"loc":{"start":{"line":9,"column":78},"end":{"line":27,"column":1}},"line":9},"1":{"name":"(anonymous_1)","decl":{"start":{"line":29,"column":44},"end":{"line":29,"column":45}},"loc":{"start":{"line":29,"column":71},"end":{"line":36,"column":1}},"line":29},"2":{"name":"(anonymous_2)","decl":{"start":{"line":38,"column":39},"end":{"line":38,"column":40}},"loc":{"start":{"line":38,"column":66},"end":{"line":44,"column":1}},"line":38},"3":{"name":"(anonymous_3)","decl":{"start":{"line":46,"column":42},"end":{"line":46,"column":43}},"loc":{"start":{"line":46,"column":69},"end":{"line":56,"column":1}},"line":46},"4":{"name":"(anonymous_4)","decl":{"start":{"line":58,"column":47},"end":{"line":58,"column":48}},"loc":{"start":{"line":58,"column":74},"end":{"line":65,"column":1}},"line":58},"5":{"name":"(anonymous_5)","decl":{"start":{"line":67,"column":45},"end":{"line":67,"column":46}},"loc":{"start":{"line":67,"column":72},"end":{"line":83,"column":1}},"line":67},"6":{"name":"(anonymous_6)","decl":{"start":{"line":85,"column":60},"end":{"line":85,"column":61}},"loc":{"start":{"line":85,"column":87},"end":{"line":90,"column":1}},"line":85},"7":{"name":"(anonymous_7)","decl":{"start":{"line":92,"column":47},"end":{"line":92,"column":48}},"loc":{"start":{"line":92,"column":74},"end":{"line":100,"column":1}},"line":92},"8":{"name":"(anonymous_8)","decl":{"start":{"line":103,"column":50},"end":{"line":103,"column":51}},"loc":{"start":{"line":103,"column":77},"end":{"line":107,"column":1}},"line":103}},"branchMap":{"0":{"loc":{"start":{"line":23,"column":2},"end":{"line":25,"column":3}},"type":"if","locations":[{"start":{"line":23,"column":2},"end":{"line":25,"column":3}},{"start":{},"end":{}}],"line":23},"1":{"loc":{"start":{"line":31,"column":2},"end":{"line":33,"column":3}},"type":"if","locations":[{"start":{"line":31,"column":2},"end":{"line":33,"column":3}},{"start":{},"end":{}}],"line":31},"2":{"loc":{"start":{"line":51,"column":2},"end":{"line":53,"column":3}},"type":"if","locations":[{"start":{"line":51,"column":2},"end":{"line":53,"column":3}},{"start":{},"end":{}}],"line":51},"3":{"loc":{"start":{"line":61,"column":2},"end":{"line":63,"column":3}},"type":"if","locations":[{"start":{"line":61,"column":2},"end":{"line":63,"column":3}},{"start":{},"end":{}}],"line":61},"4":{"loc":{"start":{"line":68,"column":2},"end":{"line":70,"column":3}},"type":"if","locations":[{"start":{"line":68,"column":2},"end":{"line":70,"column":3}},{"start":{},"end":{}}],"line":68},"5":{"loc":{"start":{"line":68,"column":6},"end":{"line":68,"column":63}},"type":"binary-expr","locations":[{"start":{"line":68,"column":6},"end":{"line":68,"column":23}},{"start":{"line":68,"column":27},"end":{"line":68,"column":63}}],"line":68},"6":{"loc":{"start":{"line":76,"column":2},"end":{"line":78,"column":3}},"type":"if","locations":[{"start":{"line":76,"column":2},"end":{"line":78,"column":3}},{"start":{},"end":{}}],"line":76},"7":{"loc":{"start":{"line":95,"column":2},"end":{"line":97,"column":3}},"type":"if","locations":[{"start":{"line":95,"column":2},"end":{"line":97,"column":3}},{"start":{},"end":{}}],"line":95}},"s":{"0":2,"1":2,"2":2,"3":2,"4":2,"5":2,"6":2,"7":0,"8":0,"9":0,"10":0,"11":0,"12":2,"13":0,"14":0,"15":0,"16":0,"17":0,"18":2,"19":0,"20":0,"21":0,"22":2,"23":0,"24":0,"25":0,"26":0,"27":0,"28":0,"29":2,"30":0,"31":0,"32":0,"33":0,"34":0,"35":2,"36":0,"37":0,"38":0,"39":0,"40":0,"41":0,"42":0,"43":0,"44":0,"45":2,"46":0,"47":0,"48":0,"49":0,"50":2,"51":0,"52":0,"53":0,"54":0,"55":0,"56":0,"57":2,"58":0,"59":0,"60":0},"f":{"0":0,"1":0,"2":0,"3":0,"4":0,"5":0,"6":0,"7":0,"8":0},"b":{"0":[0,0],"1":[0,0],"2":[0,0],"3":[0,0],"4":[0,0],"5":[0,0],"6":[0,0],"7":[0,0]},"_coverageSchema":"1a1c01bbd47fc00a2c39e90264f33305004495a9","hash":"3f9b5659e0674afa4e173cca3edeb3d4e5476d7e"}
,"/Users/benjhatch/caretechers/backend/src/middlewares/visits.js": {"path":"/Users/benjhatch/caretechers/backend/src/middlewares/visits.js","statementMap":{"0":{"start":{"line":1,"column":12},"end":{"line":1,"column":43}},"1":{"start":{"line":2,"column":11},"end":{"line":2,"column":33}},"2":{"start":{"line":3,"column":21},"end":{"line":3,"column":53}},"3":{"start":{"line":5,"column":0},"end":{"line":13,"column":3}},"4":{"start":{"line":6,"column":22},"end":{"line":6,"column":32}},"5":{"start":{"line":7,"column":30},"end":{"line":7,"column":38}},"6":{"start":{"line":9,"column":16},"end":{"line":9,"column":109}},"7":{"start":{"line":11,"column":2},"end":{"line":11,"column":37}},"8":{"start":{"line":12,"column":2},"end":{"line":12,"column":9}},"9":{"start":{"line":15,"column":0},"end":{"line":22,"column":3}},"10":{"start":{"line":16,"column":22},"end":{"line":16,"column":32}},"11":{"start":{"line":18,"column":16},"end":{"line":18,"column":59}},"12":{"start":{"line":20,"column":2},"end":{"line":20,"column":24}},"13":{"start":{"line":21,"column":2},"end":{"line":21,"column":9}},"14":{"start":{"line":24,"column":0},"end":{"line":31,"column":3}},"15":{"start":{"line":25,"column":22},"end":{"line":25,"column":32}},"16":{"start":{"line":27,"column":16},"end":{"line":27,"column":110}},"17":{"start":{"line":29,"column":2},"end":{"line":29,"column":24}},"18":{"start":{"line":30,"column":2},"end":{"line":30,"column":9}},"19":{"start":{"line":33,"column":0},"end":{"line":52,"column":3}},"20":{"start":{"line":34,"column":22},"end":{"line":34,"column":32}},"21":{"start":{"line":36,"column":21},"end":{"line":36,"column":26}},"22":{"start":{"line":38,"column":2},"end":{"line":45,"column":3}},"23":{"start":{"line":39,"column":4},"end":{"line":42,"column":7}},"24":{"start":{"line":40,"column":6},"end":{"line":41,"column":81}},"25":{"start":{"line":44,"column":4},"end":{"line":44,"column":31}},"26":{"start":{"line":47,"column":29},"end":{"line":47,"column":119}},"27":{"start":{"line":49,"column":2},"end":{"line":49,"column":37}},"28":{"start":{"line":51,"column":2},"end":{"line":51,"column":9}},"29":{"start":{"line":54,"column":0},"end":{"line":87,"column":3}},"30":{"start":{"line":55,"column":22},"end":{"line":55,"column":32}},"31":{"start":{"line":56,"column":25},"end":{"line":56,"column":34}},"32":{"start":{"line":60,"column":16},"end":{"line":83,"column":26}},"33":{"start":{"line":85,"column":2},"end":{"line":85,"column":37}},"34":{"start":{"line":86,"column":2},"end":{"line":86,"column":9}}},"fnMap":{"0":{"name":"(anonymous_0)","decl":{"start":{"line":5,"column":42},"end":{"line":5,"column":43}},"loc":{"start":{"line":5,"column":69},"end":{"line":13,"column":1}},"line":5},"1":{"name":"(anonymous_1)","decl":{"start":{"line":15,"column":42},"end":{"line":15,"column":43}},"loc":{"start":{"line":15,"column":69},"end":{"line":22,"column":1}},"line":15},"2":{"name":"(anonymous_2)","decl":{"start":{"line":24,"column":49},"end":{"line":24,"column":50}},"loc":{"start":{"line":24,"column":76},"end":{"line":31,"column":1}},"line":24},"3":{"name":"(anonymous_3)","decl":{"start":{"line":33,"column":42},"end":{"line":33,"column":43}},"loc":{"start":{"line":33,"column":69},"end":{"line":52,"column":1}},"line":33},"4":{"name":"(anonymous_4)","decl":{"start":{"line":39,"column":27},"end":{"line":39,"column":28}},"loc":{"start":{"line":39,"column":37},"end":{"line":42,"column":5}},"line":39},"5":{"name":"(anonymous_5)","decl":{"start":{"line":54,"column":51},"end":{"line":54,"column":52}},"loc":{"start":{"line":54,"column":78},"end":{"line":87,"column":1}},"line":54}},"branchMap":{"0":{"loc":{"start":{"line":38,"column":2},"end":{"line":45,"column":3}},"type":"if","locations":[{"start":{"line":38,"column":2},"end":{"line":45,"column":3}},{"start":{},"end":{}}],"line":38},"1":{"loc":{"start":{"line":38,"column":6},"end":{"line":38,"column":49}},"type":"binary-expr","locations":[{"start":{"line":38,"column":6},"end":{"line":38,"column":20}},{"start":{"line":38,"column":24},"end":{"line":38,"column":49}}],"line":38}},"s":{"0":2,"1":2,"2":2,"3":2,"4":1,"5":1,"6":1,"7":1,"8":1,"9":2,"10":1,"11":1,"12":1,"13":1,"14":2,"15":0,"16":0,"17":0,"18":0,"19":2,"20":0,"21":0,"22":0,"23":0,"24":0,"25":0,"26":0,"27":0,"28":0,"29":2,"30":2,"31":2,"32":2,"33":2,"34":2},"f":{"0":1,"1":1,"2":0,"3":0,"4":0,"5":2},"b":{"0":[0,0],"1":[0,0]},"_coverageSchema":"1a1c01bbd47fc00a2c39e90264f33305004495a9","hash":"aa3f36c416958343b1e928053a76fe0fb4150a7a"}
,"/Users/benjhatch/caretechers/backend/src/routes/graphs.js": {"path":"/Users/benjhatch/caretechers/backend/src/routes/graphs.js","statementMap":{"0":{"start":{"line":2,"column":16},"end":{"line":2,"column":34}},"1":{"start":{"line":4,"column":24},"end":{"line":4,"column":56}},"2":{"start":{"line":5,"column":24},"end":{"line":5,"column":56}},"3":{"start":{"line":6,"column":25},"end":{"line":6,"column":57}},"4":{"start":{"line":8,"column":15},"end":{"line":8,"column":31}},"5":{"start":{"line":10,"column":0},"end":{"line":14,"column":5}},"6":{"start":{"line":16,"column":2},"end":{"line":20,"column":5}},"7":{"start":{"line":22,"column":2},"end":{"line":25,"column":5}},"8":{"start":{"line":27,"column":2},"end":{"line":32,"column":5}},"9":{"start":{"line":34,"column":2},"end":{"line":34,"column":26}}},"fnMap":{},"branchMap":{},"s":{"0":2,"1":2,"2":2,"3":2,"4":2,"5":2,"6":2,"7":2,"8":2,"9":2},"f":{},"b":{},"_coverageSchema":"1a1c01bbd47fc00a2c39e90264f33305004495a9","hash":"ddd5d94ba0c2045a1911b3b0cfd113eb22483074"}
,"/Users/benjhatch/caretechers/backend/src/routes/groups.js": {"path":"/Users/benjhatch/caretechers/backend/src/routes/groups.js","statementMap":{"0":{"start":{"line":1,"column":16},"end":{"line":1,"column":34}},"1":{"start":{"line":3,"column":24},"end":{"line":3,"column":56}},"2":{"start":{"line":4,"column":25},"end":{"line":4,"column":57}},"3":{"start":{"line":6,"column":15},"end":{"line":6,"column":31}},"4":{"start":{"line":8,"column":0},"end":{"line":12,"column":3}},"5":{"start":{"line":14,"column":0},"end":{"line":18,"column":3}},"6":{"start":{"line":20,"column":0},"end":{"line":25,"column":3}},"7":{"start":{"line":27,"column":0},"end":{"line":31,"column":3}},"8":{"start":{"line":33,"column":0},"end":{"line":33,"column":24}}},"fnMap":{},"branchMap":{},"s":{"0":2,"1":2,"2":2,"3":2,"4":2,"5":2,"6":2,"7":2,"8":2},"f":{},"b":{},"_coverageSchema":"1a1c01bbd47fc00a2c39e90264f33305004495a9","hash":"bfe91f94c6f794d02317bcc9d0766ee8a61203d5"}
,"/Users/benjhatch/caretechers/backend/src/routes/measurements.js": {"path":"/Users/benjhatch/caretechers/backend/src/routes/measurements.js","statementMap":{"0":{"start":{"line":1,"column":16},"end":{"line":1,"column":34}},"1":{"start":{"line":3,"column":30},"end":{"line":3,"column":68}},"2":{"start":{"line":4,"column":24},"end":{"line":4,"column":56}},"3":{"start":{"line":5,"column":25},"end":{"line":5,"column":57}},"4":{"start":{"line":7,"column":15},"end":{"line":7,"column":31}},"5":{"start":{"line":9,"column":0},"end":{"line":12,"column":5}},"6":{"start":{"line":14,"column":0},"end":{"line":18,"column":5}},"7":{"start":{"line":20,"column":0},"end":{"line":24,"column":3}},"8":{"start":{"line":26,"column":0},"end":{"line":31,"column":3}},"9":{"start":{"line":33,"column":0},"end":{"line":33,"column":24}}},"fnMap":{},"branchMap":{},"s":{"0":2,"1":2,"2":2,"3":2,"4":2,"5":2,"6":2,"7":2,"8":2,"9":2},"f":{},"b":{},"_coverageSchema":"1a1c01bbd47fc00a2c39e90264f33305004495a9","hash":"faea7f927a163559faeb4b682c1685e542c057f9"}
,"/Users/benjhatch/caretechers/backend/src/routes/messages.js": {"path":"/Users/benjhatch/caretechers/backend/src/routes/messages.js","statementMap":{"0":{"start":{"line":1,"column":16},"end":{"line":1,"column":34}},"1":{"start":{"line":3,"column":24},"end":{"line":3,"column":56}},"2":{"start":{"line":4,"column":27},"end":{"line":4,"column":61}},"3":{"start":{"line":5,"column":25},"end":{"line":5,"column":57}},"4":{"start":{"line":7,"column":15},"end":{"line":7,"column":31}},"5":{"start":{"line":9,"column":0},"end":{"line":13,"column":3}},"6":{"start":{"line":15,"column":0},"end":{"line":19,"column":3}},"7":{"start":{"line":21,"column":0},"end":{"line":26,"column":3}},"8":{"start":{"line":28,"column":0},"end":{"line":31,"column":3}},"9":{"start":{"line":33,"column":0},"end":{"line":37,"column":3}},"10":{"start":{"line":39,"column":0},"end":{"line":39,"column":24}}},"fnMap":{},"branchMap":{},"s":{"0":2,"1":2,"2":2,"3":2,"4":2,"5":2,"6":2,"7":2,"8":2,"9":2,"10":2},"f":{},"b":{},"_coverageSchema":"1a1c01bbd47fc00a2c39e90264f33305004495a9","hash":"269758636bec7d4741be44e6324bbb8c18258a16"}
,"/Users/benjhatch/caretechers/backend/src/routes/notes.js": {"path":"/Users/benjhatch/caretechers/backend/src/routes/notes.js","statementMap":{"0":{"start":{"line":1,"column":16},"end":{"line":1,"column":34}},"1":{"start":{"line":3,"column":24},"end":{"line":3,"column":56}},"2":{"start":{"line":4,"column":24},"end":{"line":4,"column":55}},"3":{"start":{"line":5,"column":25},"end":{"line":5,"column":57}},"4":{"start":{"line":7,"column":15},"end":{"line":7,"column":31}},"5":{"start":{"line":9,"column":0},"end":{"line":13,"column":3}},"6":{"start":{"line":15,"column":0},"end":{"line":20,"column":3}},"7":{"start":{"line":22,"column":0},"end":{"line":25,"column":3}},"8":{"start":{"line":27,"column":0},"end":{"line":32,"column":3}},"9":{"start":{"line":34,"column":0},"end":{"line":37,"column":3}},"10":{"start":{"line":39,"column":0},"end":{"line":44,"column":3}},"11":{"start":{"line":46,"column":0},"end":{"line":46,"column":24}}},"fnMap":{},"branchMap":{},"s":{"0":2,"1":2,"2":2,"3":2,"4":2,"5":2,"6":2,"7":2,"8":2,"9":2,"10":2,"11":2},"f":{},"b":{},"_coverageSchema":"1a1c01bbd47fc00a2c39e90264f33305004495a9","hash":"87dd45c77c4b7bdd229c6304be85a48b281c2a0f"}
,"/Users/benjhatch/caretechers/backend/src/routes/tasks.js": {"path":"/Users/benjhatch/caretechers/backend/src/routes/tasks.js","statementMap":{"0":{"start":{"line":1,"column":16},"end":{"line":1,"column":34}},"1":{"start":{"line":3,"column":24},"end":{"line":3,"column":56}},"2":{"start":{"line":4,"column":24},"end":{"line":4,"column":55}},"3":{"start":{"line":5,"column":25},"end":{"line":5,"column":57}},"4":{"start":{"line":7,"column":15},"end":{"line":7,"column":31}},"5":{"start":{"line":9,"column":0},"end":{"line":13,"column":3}},"6":{"start":{"line":15,"column":0},"end":{"line":15,"column":94}},"7":{"start":{"line":17,"column":0},"end":{"line":17,"column":130}},"8":{"start":{"line":19,"column":0},"end":{"line":23,"column":3}},"9":{"start":{"line":25,"column":0},"end":{"line":25,"column":80}},"10":{"start":{"line":27,"column":0},"end":{"line":32,"column":3}},"11":{"start":{"line":34,"column":0},"end":{"line":34,"column":87}},"12":{"start":{"line":36,"column":0},"end":{"line":36,"column":24}}},"fnMap":{},"branchMap":{},"s":{"0":2,"1":2,"2":2,"3":2,"4":2,"5":2,"6":2,"7":2,"8":2,"9":2,"10":2,"11":2,"12":2},"f":{},"b":{},"_coverageSchema":"1a1c01bbd47fc00a2c39e90264f33305004495a9","hash":"696b6fa4962bcbaa7bb40d4d8c6b29ded2b55976"}
,"/Users/benjhatch/caretechers/backend/src/routes/user.js": {"path":"/Users/benjhatch/caretechers/backend/src/routes/user.js","statementMap":{"0":{"start":{"line":1,"column":16},"end":{"line":1,"column":34}},"1":{"start":{"line":3,"column":23},"end":{"line":3,"column":53}},"2":{"start":{"line":4,"column":25},"end":{"line":4,"column":57}},"3":{"start":{"line":6,"column":15},"end":{"line":6,"column":31}},"4":{"start":{"line":8,"column":0},"end":{"line":8,"column":82}},"5":{"start":{"line":10,"column":0},"end":{"line":10,"column":127}},"6":{"start":{"line":12,"column":0},"end":{"line":12,"column":117}},"7":{"start":{"line":14,"column":0},"end":{"line":14,"column":95}},"8":{"start":{"line":16,"column":0},"end":{"line":16,"column":120}},"9":{"start":{"line":18,"column":0},"end":{"line":18,"column":104}},"10":{"start":{"line":20,"column":0},"end":{"line":20,"column":113}},"11":{"start":{"line":22,"column":0},"end":{"line":22,"column":24}}},"fnMap":{},"branchMap":{},"s":{"0":2,"1":2,"2":2,"3":2,"4":2,"5":2,"6":2,"7":2,"8":2,"9":2,"10":2,"11":2},"f":{},"b":{},"_coverageSchema":"1a1c01bbd47fc00a2c39e90264f33305004495a9","hash":"7f6fa8222595c53d7751cd8ebbdc8255a451c1e7"}
,"/Users/benjhatch/caretechers/backend/src/routes/visits.js": {"path":"/Users/benjhatch/caretechers/backend/src/routes/visits.js","statementMap":{"0":{"start":{"line":1,"column":19},"end":{"line":1,"column":37}},"1":{"start":{"line":3,"column":25},"end":{"line":3,"column":57}},"2":{"start":{"line":4,"column":24},"end":{"line":4,"column":56}},"3":{"start":{"line":5,"column":25},"end":{"line":5,"column":57}},"4":{"start":{"line":7,"column":15},"end":{"line":7,"column":23}},"5":{"start":{"line":9,"column":0},"end":{"line":9,"column":128}},"6":{"start":{"line":11,"column":0},"end":{"line":15,"column":3}},"7":{"start":{"line":17,"column":0},"end":{"line":17,"column":90}},"8":{"start":{"line":19,"column":0},"end":{"line":19,"column":95}},"9":{"start":{"line":21,"column":0},"end":{"line":21,"column":105}},"10":{"start":{"line":23,"column":0},"end":{"line":23,"column":24}}},"fnMap":{},"branchMap":{},"s":{"0":2,"1":2,"2":2,"3":2,"4":2,"5":2,"6":2,"7":2,"8":2,"9":2,"10":2},"f":{},"b":{},"_coverageSchema":"1a1c01bbd47fc00a2c39e90264f33305004495a9","hash":"dbb576af9783c083650ccf1fce492a0dfaf716a4"}
}
